# JRE version: OpenJDK Runtime Environment (17.0.6) (build 17.0.6+0-b2043.56-10027231)
# Java VM: OpenJDK 64-Bit Server VM (17.0.6+0-b2043.56-10027231, mixed mode, tiered, compressed oops, compressed class ptrs, g1 gc, windows-amd64)
GC Precious Log:
 CPUs: 4 total, 4 available
 Memory: 8066M
 Large Page Support: Disabled
 NUMA Support: Disabled
 Compressed Oops: Enabled (32-bit)
 Heap Region Size: 1M
 Heap Min Capacity: 8M
 Heap Initial Capacity: 128M
 Heap Max Capacity: 1536M
 Pre-touch: Disabled
 Parallel Workers: 4
 Concurrent Workers: 1
 Concurrent Refinement Workers: 4
 Periodic GC: Disabled
Heap:
 garbage-first heap   total 276480K, used 209307K [0x00000000a0000000, 0x0000000100000000)
  region size 1024K, 52 young (53248K), 7 survivors (7168K)
 Metaspace       used 109965K, committed 111104K, reserved 1146880K
  class space    used 14900K, committed 15424K, reserved 1048576K
GC Heap History (20 events):
Event: 26.956 GC heap before
{Heap before GC invocations=56 (full 0):
 garbage-first heap   total 178176K, used 118228K [0x00000000a0000000, 0x0000000100000000)
  region size 1024K, 22 young (22528K), 1 survivors (1024K)
 Metaspace       used 92172K, committed 93056K, reserved 1130496K
  class space    used 12616K, committed 12992K, reserved 1048576K
}
Event: 26.963 GC heap after
{Heap after GC invocations=57 (full 0):
 garbage-first heap   total 178176K, used 101051K [0x00000000a0000000, 0x0000000100000000)
  region size 1024K, 4 young (4096K), 4 survivors (4096K)
 Metaspace       used 92172K, committed 93056K, reserved 1130496K
  class space    used 12616K, committed 12992K, reserved 1048576K
}
Event: 27.999 GC heap before
{Heap before GC invocations=58 (full 0):
 garbage-first heap   total 179200K, used 135867K [0x00000000a0000000, 0x0000000100000000)
  region size 1024K, 37 young (37888K), 4 survivors (4096K)
 Metaspace       used 92828K, committed 93696K, reserved 1130496K
  class space    used 12698K, committed 13056K, reserved 1048576K
}
Event: 28.012 GC heap after
{Heap after GC invocations=59 (full 0):
 garbage-first heap   total 179200K, used 108985K [0x00000000a0000000, 0x0000000100000000)
  region size 1024K, 5 young (5120K), 5 survivors (5120K)
 Metaspace       used 92828K, committed 93696K, reserved 1130496K
  class space    used 12698K, committed 13056K, reserved 1048576K
}
Event: 28.085 GC heap before
{Heap before GC invocations=59 (full 0):
 garbage-first heap   total 179200K, used 112057K [0x00000000a0000000, 0x0000000100000000)
  region size 1024K, 8 young (8192K), 5 survivors (5120K)
 Metaspace       used 92866K, committed 93696K, reserved 1130496K
  class space    used 12703K, committed 13056K, reserved 1048576K
}
Event: 28.093 GC heap after
{Heap after GC invocations=60 (full 0):
 garbage-first heap   total 179200K, used 109283K [0x00000000a0000000, 0x0000000100000000)
  region size 1024K, 1 young (1024K), 1 survivors (1024K)
 Metaspace       used 92866K, committed 93696K, reserved 1130496K
  class space    used 12703K, committed 13056K, reserved 1048576K
}
Event: 29.083 GC heap before
{Heap before GC invocations=60 (full 0):
 garbage-first heap   total 179200K, used 138979K [0x00000000a0000000, 0x0000000100000000)
  region size 1024K, 30 young (30720K), 1 survivors (1024K)
 Metaspace       used 93213K, committed 94080K, reserved 1130496K
  class space    used 12755K, committed 13120K, reserved 1048576K
}
Event: 29.092 GC heap after
{Heap after GC invocations=61 (full 0):
 garbage-first heap   total 276480K, used 113605K [0x00000000a0000000, 0x0000000100000000)
  region size 1024K, 4 young (4096K), 4 survivors (4096K)
 Metaspace       used 93213K, committed 94080K, reserved 1130496K
  class space    used 12755K, committed 13120K, reserved 1048576K
}
Event: 30.920 GC heap before
{Heap before GC invocations=62 (full 0):
 garbage-first heap   total 276480K, used 187333K [0x00000000a0000000, 0x0000000100000000)
  region size 1024K, 75 young (76800K), 4 survivors (4096K)
 Metaspace       used 95299K, committed 96320K, reserved 1138688K
  class space    used 13023K, committed 13440K, reserved 1048576K
}
Event: 30.947 GC heap after
{Heap after GC invocations=63 (full 0):
 garbage-first heap   total 276480K, used 125594K [0x00000000a0000000, 0x0000000100000000)
  region size 1024K, 10 young (10240K), 10 survivors (10240K)
 Metaspace       used 95299K, committed 96320K, reserved 1138688K
  class space    used 13023K, committed 13440K, reserved 1048576K
}
Event: 31.038 GC heap before
{Heap before GC invocations=63 (full 0):
 garbage-first heap   total 276480K, used 127642K [0x00000000a0000000, 0x0000000100000000)
  region size 1024K, 13 young (13312K), 10 survivors (10240K)
 Metaspace       used 95603K, committed 96576K, reserved 1138688K
  class space    used 13066K, committed 13440K, reserved 1048576K
}
Event: 31.054 GC heap after
{Heap after GC invocations=64 (full 0):
 garbage-first heap   total 276480K, used 127069K [0x00000000a0000000, 0x0000000100000000)
  region size 1024K, 2 young (2048K), 2 survivors (2048K)
 Metaspace       used 95603K, committed 96576K, reserved 1138688K
  class space    used 13066K, committed 13440K, reserved 1048576K
}
Event: 33.013 GC heap before
{Heap before GC invocations=64 (full 0):
 garbage-first heap   total 276480K, used 197725K [0x00000000a0000000, 0x0000000100000000)
  region size 1024K, 71 young (72704K), 2 survivors (2048K)
 Metaspace       used 102003K, committed 103040K, reserved 1138688K
  class space    used 13970K, committed 14400K, reserved 1048576K
}
Event: 33.023 GC heap after
{Heap after GC invocations=65 (full 0):
 garbage-first heap   total 276480K, used 131114K [0x00000000a0000000, 0x0000000100000000)
  region size 1024K, 6 young (6144K), 6 survivors (6144K)
 Metaspace       used 102003K, committed 103040K, reserved 1138688K
  class space    used 13970K, committed 14400K, reserved 1048576K
}
Event: 34.722 GC heap before
{Heap before GC invocations=65 (full 0):
 garbage-first heap   total 276480K, used 205866K [0x00000000a0000000, 0x0000000100000000)
  region size 1024K, 78 young (79872K), 6 survivors (6144K)
 Metaspace       used 103529K, committed 104576K, reserved 1138688K
  class space    used 14149K, committed 14592K, reserved 1048576K
}
Event: 34.763 GC heap after
{Heap after GC invocations=66 (full 0):
 garbage-first heap   total 276480K, used 149176K [0x00000000a0000000, 0x0000000100000000)
  region size 1024K, 10 young (10240K), 10 survivors (10240K)
 Metaspace       used 103529K, committed 104576K, reserved 1138688K
  class space    used 14149K, committed 14592K, reserved 1048576K
}
Event: 36.555 GC heap before
{Heap before GC invocations=66 (full 0):
 garbage-first heap   total 276480K, used 209592K [0x00000000a0000000, 0x0000000100000000)
  region size 1024K, 70 young (71680K), 10 survivors (10240K)
 Metaspace       used 106708K, committed 107840K, reserved 1146880K
  class space    used 14498K, committed 14976K, reserved 1048576K
}
Event: 36.583 GC heap after
{Heap after GC invocations=67 (full 0):
 garbage-first heap   total 276480K, used 159088K [0x00000000a0000000, 0x0000000100000000)
  region size 1024K, 9 young (9216K), 9 survivors (9216K)
 Metaspace       used 106708K, committed 107840K, reserved 1146880K
  class space    used 14498K, committed 14976K, reserved 1048576K
}
Event: 37.893 GC heap before
{Heap before GC invocations=67 (full 0):
 garbage-first heap   total 276480K, used 218480K [0x00000000a0000000, 0x0000000100000000)
  region size 1024K, 65 young (66560K), 9 survivors (9216K)
 Metaspace       used 109477K, committed 110592K, reserved 1146880K
  class space    used 14821K, committed 15296K, reserved 1048576K
}
Event: 37.920 GC heap after
{Heap after GC invocations=68 (full 0):
 garbage-first heap   total 276480K, used 165275K [0x00000000a0000000, 0x0000000100000000)
  region size 1024K, 7 young (7168K), 7 survivors (7168K)
 Metaspace       used 109477K, committed 110592K, reserved 1146880K
  class space    used 14821K, committed 15296K, reserved 1048576K
}

